{"AppName":"messenger-backend","Database":{"Host":"localhost","Port":"5432","User":"test","Password":"1234"},"Http":{"Port":"8080"},"level":"info","msg":"Starting","time":"2024-04-30T15:46:28+05:00"}
{"AppName":"messenger-backend","Database":{"Host":"localhost","Port":"5432","User":"test","Password":"1234"},"Http":{"Port":"8080"},"level":"info","msg":"Starting","time":"2024-04-30T17:30:09+05:00"}
{"AppName":"messenger-backend","Database":{"Host":"localhost","Port":"5432","User":"test","Password":"1234"},"Http":{"Port":"8080"},"level":"info","msg":"Starting","time":"2024-04-30T17:34:09+05:00"}
{"AppName":"messenger-backend","Database":{"Host":"localhost","Port":"5432","User":"test","Password":"1234"},"Http":{"Port":"8080"},"level":"info","msg":"Starting","time":"2024-04-30T17:36:23+05:00"}
{"level":"fatal","msg":"pq: SSL is not enabled on the server","time":"2024-04-30T17:36:23+05:00"}
{"AppName":"messenger-backend","Database":{"Host":"localhost","Port":"5432","User":"postgres","Password":"pswd"},"Http":{"Port":"8080"},"level":"info","msg":"Starting","time":"2024-04-30T17:57:50+05:00"}
{"AppName":"messenger-backend","Database":{"Host":"localhost","Port":"5432","User":"postgres","Password":"pswd"},"Http":{"Port":"8080"},"level":"info","msg":"Starting","time":"2024-04-30T17:58:22+05:00"}
{"level":"fatal","msg":"QueryRow failed: ОШИБКА: отношение \"widgets\" не существует (SQLSTATE 42P01)\n","time":"2024-04-30T17:58:22+05:00"}
{"AppName":"messenger-backend","Database":{"Host":"localhost","Port":"5432","User":"postgres","Password":"pswd"},"Http":{"Port":"8080"},"level":"info","msg":"Starting","time":"2024-04-30T18:03:34+05:00"}
{"AppName":"messenger-backend","Database":{"Host":"localhost","Port":"5432","User":"postgres","Password":"pswd","DbName":"messenger"},"Http":{"Port":"8080"},"level":"info","msg":"Starting","time":"2024-04-30T18:15:07+05:00"}
{"AppName":"messenger-backend","Database":{"Host":"localhost","Port":"5432","User":"postgres","Password":"pswd","DbName":"messenger"},"Http":{"Port":"8080"},"level":"info","msg":"Starting","time":"2024-04-30T18:15:16+05:00"}
{"AppName":"messenger-backend","Database":{"Host":"localhost","Port":"5432","User":"postgres","Password":"pswd","DbName":"messenger"},"Http":{"Port":"8080"},"level":"info","msg":"Starting","time":"2024-04-30T18:16:20+05:00"}
{"AppName":"messenger-backend","Database":{"Host":"localhost","Port":"5432","User":"postgres","Password":"pswd","DbName":"messenger"},"Http":{"Port":"8080"},"level":"info","msg":"Starting","time":"2024-04-30T18:16:41+05:00"}
{"AppName":"messenger-backend","Database":{"Host":"localhost","Port":"5432","User":"postgres","Password":"pswd","DbName":"messenger"},"Http":{"Port":"8080"},"level":"info","msg":"Starting","time":"2024-05-01T14:38:14+05:00"}
{"level":"info","msg":"Database messenger created.\n","time":"2024-05-01T14:38:15+05:00"}
{"AppName":"messenger-backend","Database":{"Host":"localhost","Port":"5432","User":"postgres","Password":"pswd","DbName":"messenger"},"Http":{"Port":"8080"},"level":"info","msg":"Starting","time":"2024-05-01T14:56:12+05:00"}
{"level":"info","msg":"Database messenger already exists.\n","time":"2024-05-01T14:56:12+05:00"}
{"AppName":"messenger-backend","Database":{"Host":"localhost","Port":"5432","User":"postgres","Password":"pswd","DbName":"messenger"},"Http":{"Port":"8080"},"level":"info","msg":"Starting","time":"2024-05-01T15:03:13+05:00"}
{"level":"info","msg":"Database messenger already exists.\n","time":"2024-05-01T15:03:13+05:00"}
{"AppName":"messenger-backend","Database":{"Host":"localhost","Port":"5432","User":"postgres","Password":"pswd","DbName":"tempdb"},"Http":{"Port":"8080"},"level":"info","msg":"Starting","time":"2024-05-01T23:42:06+05:00"}
{"level":"info","msg":"Database tempdb is not existing.\n","time":"2024-05-01T23:42:07+05:00"}
{"level":"fatal","msg":"createDB failed: ОШИБКА: роль \"tempdb\" не существует (SQLSTATE 42704)","time":"2024-05-01T23:42:07+05:00"}
{"AppName":"messenger-backend","Database":{"Host":"localhost","Port":"5432","User":"postgres","Password":"pswd","DbName":"tempdb"},"Http":{"Port":"8080"},"level":"info","msg":"Starting","time":"2024-05-01T23:42:47+05:00"}
{"level":"info","msg":"Database tempdb is not existing.\n","time":"2024-05-01T23:42:47+05:00"}
{"level":"info","msg":"Database tempdb created.\n","time":"2024-05-01T23:42:48+05:00"}
{"level":"info","msg":"All tables of database tempdb created.\n","time":"2024-05-01T23:42:48+05:00"}
{"AppName":"messenger-backend","Database":{"Host":"localhost","Port":"5432","User":"postgres","Password":"pswd","DbName":"tempdb"},"Http":{"Port":"8080"},"level":"info","msg":"Starting","time":"2024-05-02T00:02:32+05:00"}
{"level":"info","msg":"Database tempdb already exists.\n","time":"2024-05-02T00:02:32+05:00"}
{"AppName":"messenger-backend","Database":{"Host":"localhost","Port":"5432","User":"postgres","Password":"pswd","DbName":"tempdb2"},"Http":{"Port":"8080"},"level":"info","msg":"Starting","time":"2024-05-02T22:11:54+05:00"}
{"level":"info","msg":"Database tempdb2 is not existing.\n","time":"2024-05-02T22:11:54+05:00"}
{"level":"info","msg":"Database tempdb2 created.\n","time":"2024-05-02T22:11:54+05:00"}
{"level":"fatal","msg":"CreateTables failed: ОШИБКА: ошибка синтаксиса (примерное положение: \"name\") (SQLSTATE 42601)","time":"2024-05-02T22:11:55+05:00"}
{"AppName":"messenger-backend","Database":{"Host":"localhost","Port":"5432","User":"postgres","Password":"pswd","DbName":"tempdb2"},"Http":{"Port":"8080"},"level":"info","msg":"Starting","time":"2024-05-02T22:13:18+05:00"}
{"level":"info","msg":"Database tempdb2 is not existing.\n","time":"2024-05-02T22:13:18+05:00"}
{"level":"info","msg":"Database tempdb2 created.\n","time":"2024-05-02T22:13:18+05:00"}
{"level":"fatal","msg":"CreateTables failed: ОШИБКА: ограничение внешнего ключа \"FK_user_picture_id\" нельзя реализовать (SQLSTATE 42804)","time":"2024-05-02T22:13:19+05:00"}
{"AppName":"messenger-backend","Database":{"Host":"localhost","Port":"5432","User":"postgres","Password":"pswd","DbName":"tempdb2"},"Http":{"Port":"8080"},"level":"info","msg":"Starting","time":"2024-05-02T22:14:07+05:00"}
{"level":"info","msg":"Database tempdb2 is not existing.\n","time":"2024-05-02T22:14:07+05:00"}
{"level":"info","msg":"Database tempdb2 created.\n","time":"2024-05-02T22:14:07+05:00"}
{"level":"info","msg":"All tables of database tempdb2 created.\n","time":"2024-05-02T22:14:08+05:00"}
{"AppName":"messenger-backend","Database":{"Host":"localhost","Port":"5432","User":"postgres","Password":"pswd","DbName":"tempdb2"},"Http":{"Port":"8080"},"level":"info","msg":"Starting","time":"2024-05-02T22:16:32+05:00"}
{"level":"info","msg":"Database tempdb2 is not existing.\n","time":"2024-05-02T22:16:32+05:00"}
{"level":"info","msg":"Database tempdb2 created.\n","time":"2024-05-02T22:16:33+05:00"}
{"level":"info","msg":"All tables of database tempdb2 created.\n","time":"2024-05-02T22:16:33+05:00"}
{"AppName":"messenger-backend","Database":{"Host":"localhost","Port":"5432","User":"postgres","Password":"pswd","DbName":"tempdb3"},"Http":{"Port":"8080"},"level":"info","msg":"Starting","time":"2024-05-02T23:18:57+05:00"}
{"level":"info","msg":"Database tempdb3 is not existing.\n","time":"2024-05-02T23:18:57+05:00"}
{"level":"info","msg":"Database tempdb3 created.\n","time":"2024-05-02T23:18:57+05:00"}
{"level":"info","msg":"All tables of database tempdb3 created.\n","time":"2024-05-02T23:18:58+05:00"}
{"AppName":"messenger-backend","Database":{"Host":"localhost","Port":"5432","User":"postgres","Password":"pswd","DbName":"tempdb3"},"Http":{"Port":"8080"},"level":"info","msg":"Starting","time":"2024-05-03T22:54:52+05:00"}
{"level":"info","msg":"Database tempdb3 already exists.\n","time":"2024-05-03T22:54:53+05:00"}
{"AppName":"messenger-backend","Database":{"Host":"localhost","Port":"5432","User":"postgres","Password":"pswd","DbName":"tempdb3"},"Http":{"Port":"8080"},"level":"info","msg":"Starting","time":"2024-05-03T22:58:19+05:00"}
{"level":"info","msg":"Database tempdb3 already exists.\n","time":"2024-05-03T22:58:20+05:00"}
{"AppName":"messenger-backend","Database":{"Host":"localhost","Port":"5432","User":"postgres","Password":"pswd","DbName":"tempdb3"},"Http":{"Port":"8080"},"level":"info","msg":"Starting","time":"2024-05-03T23:09:31+05:00"}
{"level":"info","msg":"Database tempdb3 already exists.\n","time":"2024-05-03T23:09:31+05:00"}
{"AppName":"messenger-backend","Database":{"Host":"localhost","Port":"5432","User":"postgres","Password":"pswd","DbName":"tempdb3"},"Http":{"Port":"8080"},"level":"info","msg":"Starting","time":"2024-05-03T23:43:15+05:00"}
{"level":"info","msg":"Database tempdb3 already exists.\n","time":"2024-05-03T23:43:15+05:00"}
{"AppName":"messenger-backend","Database":{"Host":"localhost","Port":"5432","User":"postgres","Password":"pswd","DbName":"tempdb3"},"Http":{"Port":"8081"},"level":"info","msg":"Starting","time":"2024-05-03T23:55:47+05:00"}
{"level":"info","msg":"Database tempdb3 already exists.\n","time":"2024-05-03T23:55:47+05:00"}
{"AppName":"messenger-backend","Database":{"Host":"localhost","Port":"5432","User":"postgres","Password":"pswd","DbName":"tempdb3"},"Http":{"Port":"8081"},"level":"info","msg":"Starting","time":"2024-05-04T00:02:17+05:00"}
{"level":"info","msg":"Database tempdb3 already exists.\n","time":"2024-05-04T00:02:18+05:00"}
{"AppName":"messenger-backend","Database":{"Host":"localhost","Port":"5432","User":"postgres","Password":"pswd","DbName":"tempdb3"},"Http":{"Port":"8081"},"level":"info","msg":"Starting","time":"2024-05-04T00:08:35+05:00"}
{"level":"info","msg":"Database tempdb3 already exists.\n","time":"2024-05-04T00:08:35+05:00"}
{"AppName":"messenger-backend","Database":{"Host":"localhost","Port":"5432","User":"postgres","Password":"pswd","DbName":"tempdb3"},"Http":{"Port":"8081"},"level":"info","msg":"Starting","time":"2024-05-04T00:12:39+05:00"}
{"level":"info","msg":"Database tempdb3 already exists.\n","time":"2024-05-04T00:12:39+05:00"}
{"AppName":"messenger-backend","Database":{"Host":"localhost","Port":"5432","User":"postgres","Password":"pswd","DbName":"tempdb3"},"Http":{"Port":"8081"},"level":"info","msg":"Starting","time":"2024-05-04T00:13:31+05:00"}
{"level":"info","msg":"Database tempdb3 already exists.\n","time":"2024-05-04T00:13:31+05:00"}
{"AppName":"messenger-backend","Database":{"Host":"localhost","Port":"5432","User":"postgres","Password":"pswd","DbName":"tempdb3"},"Http":{"Port":"8081"},"level":"info","msg":"Starting","time":"2024-05-04T00:17:53+05:00"}
{"level":"info","msg":"Database tempdb3 already exists.\n","time":"2024-05-04T00:17:54+05:00"}
{"AppName":"messenger-backend","Database":{"Host":"localhost","Port":"5432","User":"postgres","Password":"pswd","DbName":"tempdb3"},"Http":{"Port":"8081"},"level":"info","msg":"Starting","time":"2024-05-04T00:18:32+05:00"}
{"level":"info","msg":"Database tempdb3 already exists.\n","time":"2024-05-04T00:18:32+05:00"}
{"AppName":"messenger-backend","Database":{"Host":"localhost","Port":"5432","User":"postgres","Password":"pswd","DbName":"tempdb3"},"Http":{"Port":"8081"},"level":"info","msg":"Starting","time":"2024-05-04T01:29:11+05:00"}
{"level":"info","msg":"Database tempdb3 already exists.\n","time":"2024-05-04T01:29:11+05:00"}
{"AppName":"messenger-backend","Database":{"Host":"localhost","Port":"5432","User":"postgres","Password":"pswd","DbName":"tempdb3"},"Http":{"Port":"8081"},"level":"info","msg":"Starting","time":"2024-05-04T02:12:23+05:00"}
{"level":"info","msg":"Database tempdb3 already exists.\n","time":"2024-05-04T02:12:24+05:00"}
{"level":"info","msg":"no rows in result set","time":"2024-05-04T04:18:05+05:00"}
{"AppName":"messenger-backend","Database":{"Host":"localhost","Port":"5432","User":"postgres","Password":"pswd","DbName":"tempdb3"},"Http":{"Port":"8081"},"level":"info","msg":"Starting","time":"2024-05-04T04:19:43+05:00"}
{"level":"info","msg":"Database tempdb3 already exists.\n","time":"2024-05-04T04:19:43+05:00"}
{"AppName":"messenger-backend","Database":{"Host":"localhost","Port":"5432","User":"postgres","Password":"pswd","DbName":"tempdb3"},"Http":{"Port":"8081"},"level":"info","msg":"Starting","time":"2024-05-04T04:20:01+05:00"}
{"level":"info","msg":"Database tempdb3 already exists.\n","time":"2024-05-04T04:20:01+05:00"}
{"AppName":"messenger-backend","Database":{"Host":"localhost","Port":"5432","User":"postgres","Password":"pswd","DbName":"tempdb3"},"Http":{"Port":"8081"},"level":"info","msg":"Starting","time":"2024-05-04T04:20:30+05:00"}
{"level":"info","msg":"Database tempdb3 already exists.\n","time":"2024-05-04T04:20:30+05:00"}
{"AppName":"messenger-backend","Database":{"Host":"localhost","Port":"5432","User":"postgres","Password":"pswd","DbName":"tempdb3"},"Http":{"Port":"8081"},"level":"info","msg":"Starting","time":"2024-05-04T04:21:15+05:00"}
{"level":"info","msg":"Database tempdb3 already exists.\n","time":"2024-05-04T04:21:15+05:00"}
{"level":"info","msg":"no rows in result set","time":"2024-05-04T04:23:10+05:00"}
{"level":"info","msg":"no rows in result set","time":"2024-05-04T04:23:27+05:00"}
{"level":"info","msg":"no rows in result set","time":"2024-05-04T04:25:31+05:00"}
{"level":"info","msg":"no rows in result set","time":"2024-05-04T04:25:31+05:00"}
{"AppName":"messenger-backend","Database":{"Host":"localhost","Port":"5432","User":"postgres","Password":"pswd","DbName":"tempdb3"},"Http":{"Port":"8081"},"level":"info","msg":"Starting","time":"2024-05-04T04:27:04+05:00"}
{"level":"info","msg":"Database tempdb3 already exists.\n","time":"2024-05-04T04:27:04+05:00"}
{"level":"info","msg":"Request Body: {\"login\":\"test\",\"password\":\"test\"}","time":"2024-05-04T04:28:29+05:00"}
{"AppName":"messenger-backend","Database":{"Host":"localhost","Port":"5432","User":"postgres","Password":"pswd","DbName":"tempdb3"},"Http":{"Port":"8081"},"level":"info","msg":"Starting","time":"2024-05-04T04:30:09+05:00"}
{"level":"info","msg":"Database tempdb3 already exists.\n","time":"2024-05-04T04:30:10+05:00"}
{"AppName":"messenger-backend","Database":{"Host":"localhost","Port":"5432","User":"postgres","Password":"pswd","DbName":"tempdb3"},"Http":{"Port":"8081"},"level":"info","msg":"Starting","time":"2024-05-04T04:32:22+05:00"}
{"level":"info","msg":"Database tempdb3 already exists.\n","time":"2024-05-04T04:32:22+05:00"}
{"level":"info","msg":"Request Body: {\"login\":\"myLogin\",\"password\":\"myPassword\"}","time":"2024-05-04T04:32:30+05:00"}
{"level":"info","msg":"Request Body: {\"login\":\"myLogin\",\"password\":\"myPassword\"}","time":"2024-05-04T04:32:31+05:00"}
{"level":"info","msg":"Request Body: {\"login\":\"myLogin\",\"password\":\"myPassword\"}","time":"2024-05-04T04:34:35+05:00"}
{"level":"info","msg":"Request Body: {\"login\":\"test\",\"password\":\"test\"}","time":"2024-05-04T04:35:46+05:00"}
{"level":"info","msg":"Request Body: {\"login\":\"test\",\"password\":\"test\"}","time":"2024-05-04T04:36:26+05:00"}
{"level":"info","msg":"Request Body: {\"login\":\"test\"}","time":"2024-05-04T04:37:07+05:00"}
{"AppName":"messenger-backend","Database":{"Host":"localhost","Port":"5432","User":"postgres","Password":"pswd","DbName":"tempdb3"},"Http":{"Port":"8081"},"level":"info","msg":"Starting","time":"2024-05-04T04:38:15+05:00"}
{"level":"info","msg":"Database tempdb3 already exists.\n","time":"2024-05-04T04:38:15+05:00"}
{"level":"info","msg":"Request Body: {\"login\":\"test\"}","time":"2024-05-04T04:38:20+05:00"}
{"AppName":"messenger-backend","Database":{"Host":"localhost","Port":"5432","User":"postgres","Password":"pswd","DbName":"tempdb3"},"Http":{"Port":"8081"},"level":"info","msg":"Starting","time":"2024-05-04T04:39:44+05:00"}
{"level":"info","msg":"Database tempdb3 already exists.\n","time":"2024-05-04T04:39:44+05:00"}
{"level":"info","msg":"Request Body: {\"login\":\"test\"}","time":"2024-05-04T04:39:52+05:00"}
{"AppName":"messenger-backend","Database":{"Host":"localhost","Port":"5432","User":"postgres","Password":"pswd","DbName":"tempdb3"},"Http":{"Port":"8081"},"level":"info","msg":"Starting","time":"2024-05-04T04:49:04+05:00"}
{"level":"info","msg":"Database tempdb3 already exists.\n","time":"2024-05-04T04:49:05+05:00"}
{"AppName":"messenger-backend","Database":{"Host":"localhost","Port":"5432","User":"postgres","Password":"pswd","DbName":"tempdb3"},"Http":{"Port":"8081"},"level":"info","msg":"Starting","time":"2024-05-04T04:49:49+05:00"}
{"level":"info","msg":"Database tempdb3 already exists.\n","time":"2024-05-04T04:49:50+05:00"}
{"level":"info","msg":"no rows in result set","time":"2024-05-04T04:49:56+05:00"}
{"AppName":"messenger-backend","Database":{"Host":"localhost","Port":"5432","User":"postgres","Password":"pswd","DbName":"tempdb3"},"Http":{"Port":"8081"},"level":"info","msg":"Starting","time":"2024-05-04T04:52:17+05:00"}
{"level":"info","msg":"Database tempdb3 already exists.\n","time":"2024-05-04T04:52:17+05:00"}
{"level":"info","msg":"number of field descriptions must equal number of destinations, got 6 and 4","time":"2024-05-04T04:52:50+05:00"}
{"AppName":"messenger-backend","Database":{"Host":"localhost","Port":"5432","User":"postgres","Password":"pswd","DbName":"tempdb3"},"Http":{"Port":"8081"},"level":"info","msg":"Starting","time":"2024-05-04T04:54:59+05:00"}
{"level":"info","msg":"Database tempdb3 already exists.\n","time":"2024-05-04T04:54:59+05:00"}
{"AppName":"messenger-backend","Database":{"Host":"localhost","Port":"5432","User":"postgres","Password":"pswd","DbName":"tempdb3"},"Http":{"Port":"8081"},"level":"info","msg":"Starting","time":"2024-05-04T04:56:46+05:00"}
{"level":"info","msg":"Database tempdb3 already exists.\n","time":"2024-05-04T04:56:47+05:00"}
{"level":"info","msg":"no rows in result set","time":"2024-05-04T04:57:08+05:00"}
{"level":"info","msg":"no rows in result set","time":"2024-05-04T04:57:38+05:00"}
{"level":"info","msg":"no rows in result set","time":"2024-05-04T04:58:24+05:00"}
{"AppName":"messenger-backend","Database":{"Host":"localhost","Port":"5432","User":"postgres","Password":"pswd","DbName":"tempdb3"},"Http":{"Port":"8081"},"level":"info","msg":"Starting","time":"2024-05-04T05:01:11+05:00"}
{"level":"info","msg":"Database tempdb3 already exists.\n","time":"2024-05-04T05:01:11+05:00"}
{"level":"info","msg":"ОШИБКА: мусорное содержимое после числовой константы (примерное положение: \"703c\") (SQLSTATE 42601)","time":"2024-05-04T05:02:03+05:00"}
{"AppName":"messenger-backend","Database":{"Host":"localhost","Port":"5432","User":"postgres","Password":"pswd","DbName":"tempdb3"},"Http":{"Port":"8081"},"level":"info","msg":"Starting","time":"2024-05-04T05:03:19+05:00"}
{"level":"info","msg":"Database tempdb3 already exists.\n","time":"2024-05-04T05:03:19+05:00"}
{"AppName":"messenger-backend","Database":{"Host":"localhost","Port":"5432","User":"postgres","Password":"pswd","DbName":"tempdb3"},"Http":{"Port":"8081"},"level":"info","msg":"Starting","time":"2024-05-04T05:06:29+05:00"}
{"level":"info","msg":"Database tempdb3 already exists.\n","time":"2024-05-04T05:06:29+05:00"}
{"level":"info","msg":"ОШИБКА: ошибка синтаксиса (примерное положение: \"05\") (SQLSTATE 42601)","time":"2024-05-04T05:06:47+05:00"}
{"level":"info","msg":"ОШИБКА: ошибка синтаксиса (примерное положение: \"05\") (SQLSTATE 42601)","time":"2024-05-04T05:07:03+05:00"}
{"AppName":"messenger-backend","Database":{"Host":"localhost","Port":"5432","User":"postgres","Password":"pswd","DbName":"tempdb3"},"Http":{"Port":"8081"},"level":"info","msg":"Starting","time":"2024-05-04T05:15:33+05:00"}
{"level":"info","msg":"Database tempdb3 already exists.\n","time":"2024-05-04T05:15:33+05:00"}
{"level":"info","msg":"ОШИБКА: INSERT или UPDATE в таблице \"auth\" нарушает ограничение внешнего ключа \"FK_auth_user_id\" (SQLSTATE 23503)","time":"2024-05-04T05:15:39+05:00"}
{"level":"info","msg":"ОШИБКА: INSERT или UPDATE в таблице \"auth\" нарушает ограничение внешнего ключа \"FK_auth_user_id\" (SQLSTATE 23503)","time":"2024-05-04T05:15:41+05:00"}
{"level":"info","msg":"ОШИБКА: INSERT или UPDATE в таблице \"auth\" нарушает ограничение внешнего ключа \"FK_auth_user_id\" (SQLSTATE 23503)","time":"2024-05-04T05:16:41+05:00"}
{"AppName":"messenger-backend","Database":{"Host":"localhost","Port":"5432","User":"postgres","Password":"pswd","DbName":"tempdb3"},"Http":{"Port":"8081"},"level":"info","msg":"Starting","time":"2024-05-04T05:18:08+05:00"}
{"level":"info","msg":"Database tempdb3 already exists.\n","time":"2024-05-04T05:18:08+05:00"}
{"level":"info","msg":"ОШИБКА: INSERT содержит больше целевых столбцов, чем выражений (SQLSTATE 42601)","time":"2024-05-04T05:18:16+05:00"}
{"level":"info","msg":"ОШИБКА: INSERT содержит больше целевых столбцов, чем выражений (SQLSTATE 42601)","time":"2024-05-04T05:18:41+05:00"}
{"AppName":"messenger-backend","Database":{"Host":"localhost","Port":"5432","User":"postgres","Password":"pswd","DbName":"tempdb3"},"Http":{"Port":"8081"},"level":"info","msg":"Starting","time":"2024-05-04T05:18:49+05:00"}
{"level":"info","msg":"Database tempdb3 already exists.\n","time":"2024-05-04T05:18:49+05:00"}
{"level":"info","msg":"can't scan into dest[2]: cannot scan NULL into *string","time":"2024-05-04T05:19:44+05:00"}
{"level":"info","msg":"can't scan into dest[2]: cannot scan NULL into *string","time":"2024-05-04T05:20:14+05:00"}
{"AppName":"messenger-backend","Database":{"Host":"localhost","Port":"5432","User":"postgres","Password":"pswd","DbName":"tempdb3"},"Http":{"Port":"8081"},"level":"info","msg":"Starting","time":"2024-05-04T05:23:56+05:00"}
{"level":"info","msg":"Database tempdb3 already exists.\n","time":"2024-05-04T05:23:56+05:00"}
{"level":"info","msg":"ОШИБКА: значение NULL в столбце \"email\" отношения \"auth\" нарушает ограничение NOT NULL (SQLSTATE 23502)","time":"2024-05-04T05:24:21+05:00"}
{"AppName":"messenger-backend","Database":{"Host":"localhost","Port":"5432","User":"postgres","Password":"pswd","DbName":"tempdb3"},"Http":{"Port":"8081"},"level":"info","msg":"Starting","time":"2024-05-04T05:24:57+05:00"}
{"level":"info","msg":"Database tempdb3 already exists.\n","time":"2024-05-04T05:24:57+05:00"}
{"level":"info","msg":"ОШИБКА: значение NULL в столбце \"email\" отношения \"auth\" нарушает ограничение NOT NULL (SQLSTATE 23502)","time":"2024-05-04T05:25:02+05:00"}
{"AppName":"messenger-backend","Database":{"Host":"localhost","Port":"5432","User":"postgres","Password":"pswd","DbName":"tempdb3"},"Http":{"Port":"8081"},"level":"info","msg":"Starting","time":"2024-05-04T05:25:56+05:00"}
{"level":"info","msg":"Database tempdb3 already exists.\n","time":"2024-05-04T05:25:56+05:00"}
{"level":"info","msg":"ОШИБКА: INSERT содержит больше целевых столбцов, чем выражений (SQLSTATE 42601)","time":"2024-05-04T05:26:06+05:00"}
{"AppName":"messenger-backend","Database":{"Host":"localhost","Port":"5432","User":"postgres","Password":"pswd","DbName":"tempdb3"},"Http":{"Port":"8081"},"level":"info","msg":"Starting","time":"2024-05-04T05:26:21+05:00"}
{"level":"info","msg":"Database tempdb3 already exists.\n","time":"2024-05-04T05:26:21+05:00"}
{"AppName":"messenger-backend","Database":{"Host":"localhost","Port":"5432","User":"postgres","Password":"pswd","DbName":"tempdb3"},"Http":{"Port":"8081"},"level":"info","msg":"Starting","time":"2024-05-04T05:41:25+05:00"}
{"level":"info","msg":"Database tempdb3 already exists.\n","time":"2024-05-04T05:41:25+05:00"}
{"AppName":"messenger-backend","Database":{"Host":"localhost","Port":"5432","User":"postgres","Password":"pswd","DbName":"tempdb3"},"Http":{"Port":"8081"},"level":"info","msg":"Starting","time":"2024-05-04T05:45:49+05:00"}
{"level":"info","msg":"Database tempdb3 already exists.\n","time":"2024-05-04T05:45:49+05:00"}
{"AppName":"messenger-backend","Database":{"Host":"localhost","Port":"5432","User":"postgres","Password":"pswd","DbName":"tempdb3"},"Http":{"Port":"8081"},"level":"info","msg":"Starting","time":"2024-05-04T06:02:51+05:00"}
{"level":"info","msg":"Database tempdb3 already exists.\n","time":"2024-05-04T06:02:51+05:00"}
{"AppName":"messenger-backend","Database":{"Host":"localhost","Port":"5432","User":"postgres","Password":"pswd","DbName":"tempdb3"},"Http":{"Port":"8081"},"level":"info","msg":"Starting","time":"2024-05-04T06:04:41+05:00"}
{"level":"info","msg":"Database tempdb3 already exists.\n","time":"2024-05-04T06:04:42+05:00"}
{"level":"info","msg":"can't scan into dest[5]: cannot scan NULL into *string","time":"2024-05-04T06:08:12+05:00"}
{"level":"info","msg":"can't scan into dest[5]: cannot scan NULL into *string","time":"2024-05-04T06:10:09+05:00"}
{"level":"info","msg":"can't scan into dest[5]: cannot scan NULL into *string","time":"2024-05-04T06:10:15+05:00"}
{"AppName":"messenger-backend","Database":{"Host":"localhost","Port":"5432","User":"postgres","Password":"pswd","DbName":"tempdb3"},"Http":{"Port":"8081"},"level":"info","msg":"Starting","time":"2024-05-04T06:10:39+05:00"}
{"level":"info","msg":"Database tempdb3 already exists.\n","time":"2024-05-04T06:10:39+05:00"}
{"level":"info","msg":"can't scan into dest[5]: cannot scan NULL into *string","time":"2024-05-04T06:10:45+05:00"}
{"AppName":"messenger-backend","Database":{"Host":"localhost","Port":"5432","User":"postgres","Password":"pswd","DbName":"tempdb3"},"Http":{"Port":"8081"},"level":"info","msg":"Starting","time":"2024-05-04T06:13:48+05:00"}
{"level":"info","msg":"Database tempdb3 already exists.\n","time":"2024-05-04T06:13:48+05:00"}
{"AppName":"messenger-backend","Database":{"Host":"localhost","Port":"5432","User":"postgres","Password":"pswd","DbName":"tempdb3"},"Http":{"Port":"8081"},"level":"info","msg":"Starting","time":"2024-05-04T06:15:16+05:00"}
{"level":"info","msg":"Database tempdb3 already exists.\n","time":"2024-05-04T06:15:17+05:00"}
{"level":"info","msg":"ОШИБКА: повторяющееся значение ключа нарушает ограничение уникальности \"unique_chat_link\" (SQLSTATE 23505)","time":"2024-05-04T06:15:38+05:00"}
{"AppName":"messenger-backend","Database":{"Host":"localhost","Port":"5432","User":"postgres","Password":"pswd","DbName":"tempdb3"},"Http":{"Port":"8081"},"level":"info","msg":"Starting","time":"2024-05-04T06:16:20+05:00"}
{"level":"info","msg":"Database tempdb3 already exists.\n","time":"2024-05-04T06:16:21+05:00"}
{"AppName":"messenger-backend","Database":{"Host":"localhost","Port":"5432","User":"postgres","Password":"pswd","DbName":"tempdb3"},"Http":{"Port":"8081"},"level":"info","msg":"Starting","time":"2024-05-04T06:19:27+05:00"}
{"level":"info","msg":"Database tempdb3 already exists.\n","time":"2024-05-04T06:19:27+05:00"}
{"AppName":"messenger-backend","Database":{"Host":"localhost","Port":"5432","User":"postgres","Password":"pswd","DbName":"tempdb3"},"Http":{"Port":"8081"},"level":"info","msg":"Starting","time":"2024-05-04T06:24:23+05:00"}
{"level":"info","msg":"Database tempdb3 already exists.\n","time":"2024-05-04T06:24:23+05:00"}
{"level":"info","msg":"ОШИБКА: INSERT или UPDATE в таблице \"chat_participants\" нарушает ограничение внешнего ключа \"FK_chat_participants_chat_id\" (SQLSTATE 23503)","time":"2024-05-04T06:24:28+05:00"}
{"AppName":"messenger-backend","Database":{"Host":"localhost","Port":"5432","User":"postgres","Password":"pswd","DbName":"tempdb3"},"Http":{"Port":"8081"},"level":"info","msg":"Starting","time":"2024-05-04T06:25:16+05:00"}
{"level":"info","msg":"Database tempdb3 already exists.\n","time":"2024-05-04T06:25:16+05:00"}
{"AppName":"messenger-backend","Database":{"Host":"localhost","Port":"5432","User":"postgres","Password":"pswd","DbName":"tempdb3"},"Http":{"Port":"8081"},"level":"info","msg":"Starting","time":"2024-05-04T06:27:06+05:00"}
{"level":"info","msg":"Database tempdb3 already exists.\n","time":"2024-05-04T06:27:06+05:00"}
{"AppName":"messenger-backend","Database":{"Host":"localhost","Port":"5432","User":"postgres","Password":"pswd","DbName":"tempdb3"},"Http":{"Port":"8081"},"level":"info","msg":"Starting","time":"2024-05-04T06:31:31+05:00"}
{"level":"info","msg":"Database tempdb3 already exists.\n","time":"2024-05-04T06:31:31+05:00"}
{"level":"error","msg":"can't scan into dest[6]: cannot scan NULL into *string","time":"2024-05-04T06:32:06+05:00"}
{"AppName":"messenger-backend","Database":{"Host":"localhost","Port":"5432","User":"postgres","Password":"pswd","DbName":"tempdb3"},"Http":{"Port":"8081"},"level":"info","msg":"Starting","time":"2024-05-04T06:34:20+05:00"}
{"level":"info","msg":"Database tempdb3 already exists.\n","time":"2024-05-04T06:34:20+05:00"}
{"AppName":"messenger-backend","Database":{"Host":"localhost","Port":"5432","User":"postgres","Password":"pswd","DbName":"tempdb3"},"Http":{"Port":"8081"},"level":"info","msg":"Starting","time":"2024-05-04T06:35:57+05:00"}
{"level":"info","msg":"Database tempdb3 already exists.\n","time":"2024-05-04T06:35:57+05:00"}
{"AppName":"messenger-backend","Database":{"Host":"localhost","Port":"5432","User":"postgres","Password":"pswd","DbName":"tempdb3"},"Http":{"Port":"8081"},"level":"info","msg":"Starting","time":"2024-05-04T07:15:41+05:00"}
{"level":"info","msg":"Database tempdb3 already exists.\n","time":"2024-05-04T07:15:41+05:00"}
{"AppName":"messenger-backend","Database":{"Host":"localhost","Port":"5432","User":"postgres","Password":"pswd","DbName":"tempdb3"},"Http":{"Port":"8081"},"level":"info","msg":"Starting","time":"2024-05-04T07:17:21+05:00"}
{"level":"info","msg":"Database tempdb3 already exists.\n","time":"2024-05-04T07:17:21+05:00"}
{"AppName":"messenger-backend","Database":{"Host":"localhost","Port":"5432","User":"postgres","Password":"pswd","DbName":"tempdb3"},"Http":{"Port":"8081"},"level":"info","msg":"Starting","time":"2024-05-04T07:18:01+05:00"}
{"level":"info","msg":"Database tempdb3 already exists.\n","time":"2024-05-04T07:18:01+05:00"}
{"level":"error","msg":"expected 0 arguments, got 1","time":"2024-05-04T07:18:16+05:00"}
{"level":"error","msg":"expected 0 arguments, got 1","time":"2024-05-04T07:18:59+05:00"}
{"AppName":"messenger-backend","Database":{"Host":"localhost","Port":"5432","User":"postgres","Password":"pswd","DbName":"tempdb3"},"Http":{"Port":"8081"},"level":"info","msg":"Starting","time":"2024-05-04T07:20:59+05:00"}
{"level":"info","msg":"Database tempdb3 already exists.\n","time":"2024-05-04T07:20:59+05:00"}
{"AppName":"messenger-backend","Database":{"Host":"localhost","Port":"5432","User":"postgres","Password":"pswd","DbName":"tempdb3"},"Http":{"Port":"8081"},"level":"info","msg":"Starting","time":"2024-05-04T07:24:35+05:00"}
{"level":"info","msg":"Database tempdb3 already exists.\n","time":"2024-05-04T07:24:35+05:00"}
{"AppName":"messenger-backend","Database":{"Host":"localhost","Port":"5432","User":"postgres","Password":"pswd","DbName":"tempdb3"},"Http":{"Port":"8081"},"level":"info","msg":"Starting","time":"2024-05-04T07:33:46+05:00"}
{"level":"info","msg":"Database tempdb3 already exists.\n","time":"2024-05-04T07:33:46+05:00"}
{"AppName":"messenger-backend","Database":{"Host":"localhost","Port":"5432","User":"postgres","Password":"pswd","DbName":"tempdb3"},"Http":{"Port":"8081"},"level":"info","msg":"Starting","time":"2024-05-04T07:37:45+05:00"}
{"level":"info","msg":"Database tempdb3 already exists.\n","time":"2024-05-04T07:37:45+05:00"}
{"level":"error","msg":"You're not in this chat group","time":"2024-05-04T07:37:51+05:00"}
{"AppName":"messenger-backend","Database":{"Host":"localhost","Port":"5432","User":"postgres","Password":"pswd","DbName":"tempdb3"},"Http":{"Port":"8081"},"level":"info","msg":"Starting","time":"2024-05-04T07:54:11+05:00"}
{"level":"info","msg":"Database tempdb3 already exists.\n","time":"2024-05-04T07:54:11+05:00"}
{"level":"error","msg":"You're not in this chat group","time":"2024-05-04T07:54:32+05:00"}
{"level":"error","msg":"You're not in this chat group","time":"2024-05-04T07:54:52+05:00"}
{"level":"error","msg":"You're not in this chat group","time":"2024-05-04T07:55:03+05:00"}
{"AppName":"messenger-backend","Database":{"Host":"localhost","Port":"5432","User":"postgres","Password":"pswd","DbName":"tempdb3"},"Http":{"Port":"8081"},"level":"info","msg":"Starting","time":"2024-05-04T07:56:41+05:00"}
{"level":"info","msg":"Database tempdb3 already exists.\n","time":"2024-05-04T07:56:41+05:00"}
{"AppName":"messenger-backend","Database":{"Host":"localhost","Port":"5432","User":"postgres","Password":"pswd","DbName":"tempdb3"},"Http":{"Port":"8080"},"level":"info","msg":"Starting","time":"2024-05-04T08:21:32+05:00"}
{"level":"info","msg":"Database tempdb3 already exists.\n","time":"2024-05-04T08:21:32+05:00"}
{"level":"error","msg":"ОШИБКА: ошибка синтаксиса (примерное положение: \"$1\") (SQLSTATE 42601)","time":"2024-05-04T08:23:38+05:00"}
{"AppName":"messenger-backend","Database":{"Host":"localhost","Port":"5432","User":"postgres","Password":"pswd","DbName":"tempdb3"},"Http":{"Port":"8080"},"level":"info","msg":"Starting","time":"2024-05-04T08:24:31+05:00"}
{"level":"info","msg":"Database tempdb3 already exists.\n","time":"2024-05-04T08:24:31+05:00"}
{"AppName":"messenger-backend","Database":{"Host":"localhost","Port":"5432","User":"postgres","Password":"pswd","DbName":"tempdb3"},"Http":{"Port":"8080"},"level":"info","msg":"Starting","time":"2024-05-04T08:46:49+05:00"}
{"level":"info","msg":"Database tempdb3 already exists.\n","time":"2024-05-04T08:46:49+05:00"}
{"AppName":"messenger-backend","Database":{"Host":"localhost","Port":"5432","User":"postgres","Password":"pswd","DbName":"tempdb3"},"Http":{"Port":"8080"},"level":"info","msg":"Starting","time":"2024-05-04T09:00:13+05:00"}
{"level":"info","msg":"Database tempdb3 already exists.\n","time":"2024-05-04T09:00:13+05:00"}
{"AppName":"messenger-backend","Database":{"Host":"localhost","Port":"5432","User":"postgres","Password":"pswd","DbName":"tempdb3"},"Http":{"Port":"8080"},"level":"info","msg":"Starting","time":"2024-05-04T09:57:47+05:00"}
{"level":"info","msg":"Database tempdb3 already exists.\n","time":"2024-05-04T09:57:47+05:00"}
{"AppName":"messenger-backend","Database":{"Host":"localhost","Port":"5432","User":"postgres","Password":"pswd","DbName":"tempdb3"},"Http":{"Port":"8080"},"level":"info","msg":"Starting","time":"2024-05-04T10:27:03+05:00"}
{"level":"info","msg":"Database tempdb3 already exists.\n","time":"2024-05-04T10:27:04+05:00"}
{"AppName":"messenger-backend","Database":{"Host":"localhost","Port":"5432","User":"postgres","Password":"pswd","DbName":"tempdb3"},"Http":{"Port":"8080"},"level":"info","msg":"Starting","time":"2024-05-04T10:29:44+05:00"}
{"level":"info","msg":"Database tempdb3 already exists.\n","time":"2024-05-04T10:29:45+05:00"}
{"level":"info","msg":"no rows in result set","time":"2024-05-04T10:31:18+05:00"}
{"AppName":"messenger-backend","Database":{"Host":"localhost","Port":"5432","User":"postgres","Password":"pswd","DbName":"tempdb3"},"Http":{"Port":"8080"},"level":"info","msg":"Starting","time":"2024-05-04T10:32:56+05:00"}
{"level":"info","msg":"Database tempdb3 already exists.\n","time":"2024-05-04T10:32:56+05:00"}
{"level":"info","msg":"ОШИБКА: повторяющееся значение ключа нарушает ограничение уникальности \"auth_pkey\" (SQLSTATE 23505)","time":"2024-05-04T10:33:02+05:00"}
{"AppName":"messenger-backend","Database":{"Host":"localhost","Port":"5432","User":"postgres","Password":"pswd","DbName":"tempdb3"},"Http":{"Port":"8080"},"level":"info","msg":"Starting","time":"2024-05-04T10:34:11+05:00"}
{"level":"info","msg":"Database tempdb3 already exists.\n","time":"2024-05-04T10:34:12+05:00"}
{"level":"info","msg":"no rows in result set","time":"2024-05-04T10:34:18+05:00"}
{"level":"info","msg":"no rows in result set","time":"2024-05-04T10:34:30+05:00"}
{"level":"info","msg":"no rows in result set","time":"2024-05-04T10:34:38+05:00"}
{"level":"info","msg":"no rows in result set","time":"2024-05-04T10:34:46+05:00"}
{"level":"info","msg":"no rows in result set","time":"2024-05-04T10:35:01+05:00"}
